Arguments: 
  C:\Program Files\nodejs\node.exe C:\Users\Leo\AppData\Roaming\npm\node_modules\yarn\bin\yarn.js start

PATH: 
  C:\WINDOWS\system32;C:\WINDOWS;C:\WINDOWS\System32\Wbem;C:\WINDOWS\System32\WindowsPowerShell\v1.0\;C:\Program Files\nodejs\;C:\Program Files\Git\cmd;C:\Program Files (x86)\NVIDIA Corporation\PhysX\Common;F:\Microsoft VS Code\bin;C:\Users\Leo\AppData\Roaming\npm;C:\Users\Leo\AppData\Local\Microsoft\WindowsApps;;F:\Microsoft VS Code\bin

Yarn version: 
  1.5.1

Node version: 
  8.11.1

Platform: 
  win32 x64

npm manifest: 
  No manifest

yarn manifest: 
  No manifest

Lockfile: 
  No lockfile

Trace: 
  Error: Couldn't find a package.json file in "F:\\Route4"
      at new MessageError (C:\Users\Leo\AppData\Roaming\npm\node_modules\yarn\lib\cli.js:186:110)
      at C:\Users\Leo\AppData\Roaming\npm\node_modules\yarn\lib\cli.js:40048:15
      at Generator.next (<anonymous>)
      at step (C:\Users\Leo\AppData\Roaming\npm\node_modules\yarn\lib\cli.js:98:30)
      at C:\Users\Leo\AppData\Roaming\npm\node_modules\yarn\lib\cli.js:109:13
      at <anonymous>
